0 info it worked if it ends with ok
1 verbose cli [ 'node',
1 verbose cli   '/Users/mottola/.meteor/packages/meteor-tool/.1.3.2_4.lbyo5v++os.osx.x86_64+web.browser+web.cordova/mt-os.osx.x86_64/dev_bundle/bin/npm',
1 verbose cli   'install',
1 verbose cli   '--save',
1 verbose cli   'khan-api' ]
2 info using npm@2.14.22
3 info using node@v0.10.43
4 verbose install initial load of /Users/mottola/projects/learn-links/package.json
5 verbose installManyTop reading scoped package data from /Users/mottola/projects/learn-links/node_modules/axios/package.json
6 verbose installManyTop reading scoped package data from /Users/mottola/projects/learn-links/node_modules/lodash/package.json
7 verbose installManyTop reading scoped package data from /Users/mottola/projects/learn-links/node_modules/meteor-node-stubs/package.json
8 verbose installManyTop reading scoped package data from /Users/mottola/projects/learn-links/node_modules/react/package.json
9 verbose installManyTop reading scoped package data from /Users/mottola/projects/learn-links/node_modules/react-addons-pure-render-mixin/package.json
10 verbose installManyTop reading scoped package data from /Users/mottola/projects/learn-links/node_modules/react-bootstrap/package.json
11 verbose installManyTop reading scoped package data from /Users/mottola/projects/learn-links/node_modules/react-dom/package.json
12 verbose installManyTop reading scoped package data from /Users/mottola/projects/learn-links/node_modules/react-router/package.json
13 verbose installManyTop reading scoped package data from /Users/mottola/projects/learn-links/node_modules/youtube-api-search/package.json
14 info package.json youtube-api-search@0.0.5 No repository field.
15 verbose readDependencies loading dependencies from /Users/mottola/projects/learn-links/package.json
16 silly cache add args [ 'khan-api', null ]
17 verbose cache add spec khan-api
18 silly cache add parsed spec { raw: 'khan-api',
18 silly cache add   scope: null,
18 silly cache add   name: 'khan-api',
18 silly cache add   rawSpec: '',
18 silly cache add   spec: 'latest',
18 silly cache add   type: 'tag' }
19 silly addNamed khan-api@latest
20 verbose addNamed "latest" is being treated as a dist-tag for khan-api
21 info addNameTag [ 'khan-api', 'latest' ]
22 silly mapToRegistry name khan-api
23 silly mapToRegistry using default registry
24 silly mapToRegistry registry https://registry.npmjs.org/
25 silly mapToRegistry uri https://registry.npmjs.org/khan-api
26 verbose addNameTag registry:https://registry.npmjs.org/khan-api not in flight; fetching
27 verbose request uri https://registry.npmjs.org/khan-api
28 verbose request no auth needed
29 info attempt registry request try #1 at 11:11:31
30 verbose request id f458060208acf559
31 http request GET https://registry.npmjs.org/khan-api
32 http 404 https://registry.npmjs.org/khan-api
33 verbose headers { 'content-type': 'application/json',
33 verbose headers   'cache-control': 'max-age=0',
33 verbose headers   'content-length': '2',
33 verbose headers   'accept-ranges': 'bytes',
33 verbose headers   date: 'Tue, 31 May 2016 17:11:31 GMT',
33 verbose headers   via: '1.1 varnish',
33 verbose headers   age: '0',
33 verbose headers   connection: 'keep-alive',
33 verbose headers   'x-served-by': 'cache-ord1741-ORD',
33 verbose headers   'x-cache': 'MISS',
33 verbose headers   'x-cache-hits': '0',
33 verbose headers   'x-timer': 'S1464714690.801591,VS0,VE340',
33 verbose headers   vary: 'Accept-Encoding' }
34 silly get cb [ 404,
34 silly get   { 'content-type': 'application/json',
34 silly get     'cache-control': 'max-age=0',
34 silly get     'content-length': '2',
34 silly get     'accept-ranges': 'bytes',
34 silly get     date: 'Tue, 31 May 2016 17:11:31 GMT',
34 silly get     via: '1.1 varnish',
34 silly get     age: '0',
34 silly get     connection: 'keep-alive',
34 silly get     'x-served-by': 'cache-ord1741-ORD',
34 silly get     'x-cache': 'MISS',
34 silly get     'x-cache-hits': '0',
34 silly get     'x-timer': 'S1464714690.801591,VS0,VE340',
34 silly get     vary: 'Accept-Encoding' } ]
35 verbose stack Error: Registry returned 404 for GET on https://registry.npmjs.org/khan-api
35 verbose stack     at makeError (/Users/mottola/.meteor/packages/meteor-tool/.1.3.2_4.lbyo5v++os.osx.x86_64+web.browser+web.cordova/mt-os.osx.x86_64/dev_bundle/lib/node_modules/npm/node_modules/npm-registry-client/lib/request.js:264:12)
35 verbose stack     at CachingRegistryClient.<anonymous> (/Users/mottola/.meteor/packages/meteor-tool/.1.3.2_4.lbyo5v++os.osx.x86_64+web.browser+web.cordova/mt-os.osx.x86_64/dev_bundle/lib/node_modules/npm/node_modules/npm-registry-client/lib/request.js:242:14)
35 verbose stack     at Request._callback (/Users/mottola/.meteor/packages/meteor-tool/.1.3.2_4.lbyo5v++os.osx.x86_64+web.browser+web.cordova/mt-os.osx.x86_64/dev_bundle/lib/node_modules/npm/node_modules/npm-registry-client/lib/request.js:172:14)
35 verbose stack     at Request.self.callback (/Users/mottola/.meteor/packages/meteor-tool/.1.3.2_4.lbyo5v++os.osx.x86_64+web.browser+web.cordova/mt-os.osx.x86_64/dev_bundle/lib/node_modules/npm/node_modules/request/request.js:199:22)
35 verbose stack     at Request.emit (events.js:98:17)
35 verbose stack     at Request.<anonymous> (/Users/mottola/.meteor/packages/meteor-tool/.1.3.2_4.lbyo5v++os.osx.x86_64+web.browser+web.cordova/mt-os.osx.x86_64/dev_bundle/lib/node_modules/npm/node_modules/request/request.js:1036:10)
35 verbose stack     at Request.emit (events.js:117:20)
35 verbose stack     at IncomingMessage.<anonymous> (/Users/mottola/.meteor/packages/meteor-tool/.1.3.2_4.lbyo5v++os.osx.x86_64+web.browser+web.cordova/mt-os.osx.x86_64/dev_bundle/lib/node_modules/npm/node_modules/request/request.js:963:12)
35 verbose stack     at IncomingMessage.emit (events.js:117:20)
35 verbose stack     at _stream_readable.js:944:16
36 verbose statusCode 404
37 verbose pkgid khan-api
38 verbose cwd /Users/mottola/projects/learn-links
39 error Darwin 15.4.0
40 error argv "node" "/Users/mottola/.meteor/packages/meteor-tool/.1.3.2_4.lbyo5v++os.osx.x86_64+web.browser+web.cordova/mt-os.osx.x86_64/dev_bundle/bin/npm" "install" "--save" "khan-api"
41 error node v0.10.43
42 error npm  v2.14.22
43 error code E404
44 error 404 Registry returned 404 for GET on https://registry.npmjs.org/khan-api
44 error 404
44 error 404 'khan-api' is not in the npm registry.
44 error 404 You should bug the author to publish it (or use the name yourself!)
44 error 404 It was specified as a dependency of 'learn-links'
44 error 404
44 error 404 Note that you can also install from a
44 error 404 tarball, folder, http url, or git url.
45 verbose exit [ 1, true ]
